1
host
sh02-13n14.int
proc IDs

nodes
sh02-13n14
sh02-13n14.int
sh02-13n14
addr
sh02-13n14
sh02-13n14
sh02-13n14
[11:24:44] - JIT using the NVFuser TorchScript backend
[11:24:44] - JitManager: {'_enabled': True, '_arch_mode': <JitArchMode.ONLY_ACTIVATION: 1>, '_use_nvfuser': True, '_autograd_nodes': False}
[11:24:44] - GraphManager: {'_func_arch': False, '_debug': False, '_func_arch_allow_partial_hessian': True}
/home/users/domyam/fly-by-feel/morph_wing/modulus/outputs/morph_wing_multi
[11:24:46] - Read internal.vtu file successfully
[11:24:46] - Loaded vtkUnstructuredGrid object from file
[11:24:47] - Read internal.vtu file successfully
[11:24:47] - Loaded vtkUnstructuredGrid object from file
[11:24:49] - Read internal.vtu file successfully
[11:24:49] - Loaded vtkUnstructuredGrid object from file
[11:24:50] - Read internal.vtu file successfully
[11:24:50] - Loaded vtkUnstructuredGrid object from file
[11:24:52] - Read internal.vtu file successfully
[11:24:52] - Loaded vtkUnstructuredGrid object from file
[11:24:53] - Read internal.vtu file successfully
[11:24:53] - Loaded vtkUnstructuredGrid object from file
[11:24:54] - Read internal.vtu file successfully
[11:24:54] - Loaded vtkUnstructuredGrid object from file
[11:24:56] - Read internal.vtu file successfully
[11:24:56] - Loaded vtkUnstructuredGrid object from file
[11:24:57] - Read internal.vtu file successfully
[11:24:57] - Loaded vtkUnstructuredGrid object from file
[11:24:58] - Read internal.vtu file successfully
[11:24:58] - Loaded vtkUnstructuredGrid object from file
[11:24:59] - Read internal.vtu file successfully
[11:24:59] - Loaded vtkUnstructuredGrid object from file
[11:25:00] - Read internal.vtu file successfully
[11:25:00] - Loaded vtkUnstructuredGrid object from file
[11:25:02] - Read internal.vtu file successfully
[11:25:02] - Loaded vtkUnstructuredGrid object from file
[11:25:03] - Read internal.vtu file successfully
[11:25:03] - Loaded vtkUnstructuredGrid object from file
[11:25:04] - Read internal.vtu file successfully
[11:25:04] - Loaded vtkUnstructuredGrid object from file
[11:25:06] - Read internal.vtu file successfully
[11:25:06] - Loaded vtkUnstructuredGrid object from file
[11:25:07] - Read internal.vtu file successfully
[11:25:07] - Loaded vtkUnstructuredGrid object from file
[11:25:08] - Read internal.vtu file successfully
[11:25:08] - Loaded vtkUnstructuredGrid object from file
[11:25:10] - Read internal.vtu file successfully
[11:25:10] - Loaded vtkUnstructuredGrid object from file
[11:25:11] - Read internal.vtu file successfully
[11:25:11] - Loaded vtkUnstructuredGrid object from file
[11:25:13] - Read internal.vtu file successfully
[11:25:13] - Loaded vtkUnstructuredGrid object from file
[11:25:14] - Read internal.vtu file successfully
[11:25:14] - Loaded vtkUnstructuredGrid object from file
[11:25:16] - Read internal.vtu file successfully
[11:25:16] - Loaded vtkUnstructuredGrid object from file
[11:25:17] - Read internal.vtu file successfully
[11:25:17] - Loaded vtkUnstructuredGrid object from file
[11:25:19] - Read internal.vtu file successfully
[11:25:19] - Loaded vtkUnstructuredGrid object from file
[11:25:20] - Read internal.vtu file successfully
[11:25:20] - Loaded vtkUnstructuredGrid object from file
[11:25:21] - Read internal.vtu file successfully
[11:25:21] - Loaded vtkUnstructuredGrid object from file
[11:25:23] - Read internal.vtu file successfully
[11:25:23] - Loaded vtkUnstructuredGrid object from file
[11:25:24] - Read internal.vtu file successfully
[11:25:24] - Loaded vtkUnstructuredGrid object from file
[11:25:25] - Read internal.vtu file successfully
[11:25:25] - Loaded vtkUnstructuredGrid object from file
[11:25:27] - Read internal.vtu file successfully
[11:25:27] - Loaded vtkUnstructuredGrid object from file
[11:25:28] - Read internal.vtu file successfully
[11:25:28] - Loaded vtkUnstructuredGrid object from file
[11:25:29] - Read internal.vtu file successfully
[11:25:29] - Loaded vtkUnstructuredGrid object from file
[11:25:30] - Read internal.vtu file successfully
[11:25:30] - Loaded vtkUnstructuredGrid object from file
[11:25:32] - Read internal.vtu file successfully
[11:25:32] - Loaded vtkUnstructuredGrid object from file
[11:25:33] - Read internal.vtu file successfully
[11:25:33] - Loaded vtkUnstructuredGrid object from file
[11:25:35] - Read internal.vtu file successfully
[11:25:35] - Loaded vtkUnstructuredGrid object from file
[11:25:36] - Read internal.vtu file successfully
[11:25:36] - Loaded vtkUnstructuredGrid object from file
[11:25:37] - Read internal.vtu file successfully
[11:25:37] - Loaded vtkUnstructuredGrid object from file
[11:25:39] - Read internal.vtu file successfully
[11:25:39] - Loaded vtkUnstructuredGrid object from file
[11:25:40] - Read internal.vtu file successfully
[11:25:40] - Loaded vtkUnstructuredGrid object from file
[11:25:41] - Read internal.vtu file successfully
[11:25:41] - Loaded vtkUnstructuredGrid object from file
[11:25:43] - Read internal.vtu file successfully
[11:25:43] - Loaded vtkUnstructuredGrid object from file
[11:25:44] - Read internal.vtu file successfully
[11:25:44] - Loaded vtkUnstructuredGrid object from file
[11:25:46] - Read internal.vtu file successfully
[11:25:46] - Loaded vtkUnstructuredGrid object from file
[11:25:47] - Read internal.vtu file successfully
[11:25:47] - Loaded vtkUnstructuredGrid object from file
[11:25:49] - Read internal.vtu file successfully
[11:25:49] - Loaded vtkUnstructuredGrid object from file
[11:25:50] - Read internal.vtu file successfully
[11:25:50] - Loaded vtkUnstructuredGrid object from file
[11:25:52] - Read internal.vtu file successfully
[11:25:52] - Loaded vtkUnstructuredGrid object from file
[11:25:53] - Read internal.vtu file successfully
[11:25:53] - Loaded vtkUnstructuredGrid object from file
[11:25:54] - Read internal.vtu file successfully
[11:25:54] - Loaded vtkUnstructuredGrid object from file
[11:25:56] - Read internal.vtu file successfully
[11:25:56] - Loaded vtkUnstructuredGrid object from file
[11:25:58] - Read internal.vtu file successfully
[11:25:58] - Loaded vtkUnstructuredGrid object from file
[11:25:59] - Read internal.vtu file successfully
[11:25:59] - Loaded vtkUnstructuredGrid object from file
[11:26:01] - Read internal.vtu file successfully
[11:26:01] - Loaded vtkUnstructuredGrid object from file
[11:26:02] - Read internal.vtu file successfully
[11:26:02] - Loaded vtkUnstructuredGrid object from file
[11:26:04] - Read internal.vtu file successfully
[11:26:04] - Loaded vtkUnstructuredGrid object from file
[11:26:06] - Read internal.vtu file successfully
[11:26:06] - Loaded vtkUnstructuredGrid object from file
[11:26:07] - Read internal.vtu file successfully
[11:26:07] - Loaded vtkUnstructuredGrid object from file
[11:26:09] - Read internal.vtu file successfully
[11:26:09] - Loaded vtkUnstructuredGrid object from file
[11:26:10] - Read internal.vtu file successfully
[11:26:10] - Loaded vtkUnstructuredGrid object from file
[11:26:12] - Read internal.vtu file successfully
[11:26:12] - Loaded vtkUnstructuredGrid object from file
[11:26:14] - Read internal.vtu file successfully
[11:26:14] - Loaded vtkUnstructuredGrid object from file
[11:26:16] - Read internal.vtu file successfully
[11:26:16] - Loaded vtkUnstructuredGrid object from file
[11:26:17] - Read internal.vtu file successfully
[11:26:17] - Loaded vtkUnstructuredGrid object from file
[11:26:19] - Read internal.vtu file successfully
[11:26:19] - Loaded vtkUnstructuredGrid object from file
[11:26:21] - Read internal.vtu file successfully
[11:26:21] - Loaded vtkUnstructuredGrid object from file
[11:26:23] - Read internal.vtu file successfully
[11:26:23] - Loaded vtkUnstructuredGrid object from file
[11:26:24] - Read internal.vtu file successfully
[11:26:24] - Loaded vtkUnstructuredGrid object from file
[11:26:26] - Read internal.vtu file successfully
[11:26:26] - Loaded vtkUnstructuredGrid object from file
[11:26:28] - Read internal.vtu file successfully
[11:26:28] - Loaded vtkUnstructuredGrid object from file
[11:26:30] - Read internal.vtu file successfully
[11:26:30] - Loaded vtkUnstructuredGrid object from file
[11:26:31] - Read internal.vtu file successfully
[11:26:31] - Loaded vtkUnstructuredGrid object from file
[11:26:33] - Read internal.vtu file successfully
[11:26:33] - Loaded vtkUnstructuredGrid object from file
[11:26:35] - Read internal.vtu file successfully
[11:26:35] - Loaded vtkUnstructuredGrid object from file
[11:26:36] - Read internal.vtu file successfully
[11:26:36] - Loaded vtkUnstructuredGrid object from file
[11:26:38] - Read internal.vtu file successfully
[11:26:38] - Loaded vtkUnstructuredGrid object from file
[11:26:40] - Read internal.vtu file successfully
[11:26:40] - Loaded vtkUnstructuredGrid object from file
[11:26:42] - Read internal.vtu file successfully
[11:26:42] - Loaded vtkUnstructuredGrid object from file
[11:26:44] - Read internal.vtu file successfully
[11:26:44] - Loaded vtkUnstructuredGrid object from file
[11:26:45] - Read internal.vtu file successfully
[11:26:45] - Loaded vtkUnstructuredGrid object from file
[11:26:47] - Read internal.vtu file successfully
[11:26:47] - Loaded vtkUnstructuredGrid object from file
[11:26:49] - Read internal.vtu file successfully
[11:26:49] - Loaded vtkUnstructuredGrid object from file
[11:26:51] - Read internal.vtu file successfully
[11:26:51] - Loaded vtkUnstructuredGrid object from file
[11:26:53] - Read internal.vtu file successfully
[11:26:53] - Loaded vtkUnstructuredGrid object from file
[11:26:55] - Read internal.vtu file successfully
[11:26:55] - Loaded vtkUnstructuredGrid object from file
[11:26:56] - Read internal.vtu file successfully
[11:26:56] - Loaded vtkUnstructuredGrid object from file
[11:26:58] - Read internal.vtu file successfully
[11:26:58] - Loaded vtkUnstructuredGrid object from file
[11:27:00] - Read internal.vtu file successfully
[11:27:00] - Loaded vtkUnstructuredGrid object from file
[11:27:02] - Read internal.vtu file successfully
[11:27:02] - Loaded vtkUnstructuredGrid object from file
[11:27:04] - Read internal.vtu file successfully
[11:27:04] - Loaded vtkUnstructuredGrid object from file
[11:27:06] - Read internal.vtu file successfully
[11:27:06] - Loaded vtkUnstructuredGrid object from file
[11:27:08] - Read internal.vtu file successfully
[11:27:08] - Loaded vtkUnstructuredGrid object from file
[11:27:09] - Read internal.vtu file successfully
[11:27:09] - Loaded vtkUnstructuredGrid object from file
[11:27:11] - Read internal.vtu file successfully
[11:27:11] - Loaded vtkUnstructuredGrid object from file
[11:27:13] - Read internal.vtu file successfully
[11:27:13] - Loaded vtkUnstructuredGrid object from file
[11:27:15] - Read internal.vtu file successfully
[11:27:15] - Loaded vtkUnstructuredGrid object from file
[11:27:17] - Read internal.vtu file successfully
[11:27:17] - Loaded vtkUnstructuredGrid object from file
[11:27:19] - Read internal.vtu file successfully
[11:27:19] - Loaded vtkUnstructuredGrid object from file
[11:27:20] - Read internal.vtu file successfully
[11:27:20] - Loaded vtkUnstructuredGrid object from file
[11:27:22] - Read internal.vtu file successfully
[11:27:22] - Loaded vtkUnstructuredGrid object from file
[11:27:24] - Read internal.vtu file successfully
[11:27:24] - Loaded vtkUnstructuredGrid object from file
[11:27:26] - Read internal.vtu file successfully
[11:27:26] - Loaded vtkUnstructuredGrid object from file
[11:27:28] - Read internal.vtu file successfully
[11:27:28] - Loaded vtkUnstructuredGrid object from file
[11:27:30] - Read internal.vtu file successfully
[11:27:30] - Loaded vtkUnstructuredGrid object from file
[11:27:32] - Read internal.vtu file successfully
[11:27:32] - Loaded vtkUnstructuredGrid object from file
[11:27:34] - Read internal.vtu file successfully
[11:27:34] - Loaded vtkUnstructuredGrid object from file
[11:27:36] - Read internal.vtu file successfully
[11:27:36] - Loaded vtkUnstructuredGrid object from file
[11:27:38] - Read internal.vtu file successfully
[11:27:38] - Loaded vtkUnstructuredGrid object from file
[11:27:40] - Read internal.vtu file successfully
[11:27:40] - Loaded vtkUnstructuredGrid object from file
[11:27:42] - Read internal.vtu file successfully
[11:27:42] - Loaded vtkUnstructuredGrid object from file
[11:27:43] - Read internal.vtu file successfully
[11:27:43] - Loaded vtkUnstructuredGrid object from file
[11:27:45] - Read internal.vtu file successfully
[11:27:45] - Loaded vtkUnstructuredGrid object from file
[11:27:48] - Read internal.vtu file successfully
[11:27:48] - Loaded vtkUnstructuredGrid object from file
[11:27:49] - Read internal.vtu file successfully
[11:27:49] - Loaded vtkUnstructuredGrid object from file
[11:27:51] - Read internal.vtu file successfully
[11:27:51] - Loaded vtkUnstructuredGrid object from file
[11:27:53] - Read internal.vtu file successfully
[11:27:53] - Loaded vtkUnstructuredGrid object from file
[11:27:55] - Read internal.vtu file successfully
[11:27:55] - Loaded vtkUnstructuredGrid object from file
[11:27:57] - Read internal.vtu file successfully
[11:27:57] - Loaded vtkUnstructuredGrid object from file
[11:27:59] - Read internal.vtu file successfully
[11:27:59] - Loaded vtkUnstructuredGrid object from file
[11:28:01] - Read internal.vtu file successfully
[11:28:01] - Loaded vtkUnstructuredGrid object from file
[11:28:03] - Read internal.vtu file successfully
[11:28:03] - Loaded vtkUnstructuredGrid object from file
[11:28:05] - Read internal.vtu file successfully
[11:28:05] - Loaded vtkUnstructuredGrid object from file
[11:28:07] - Read internal.vtu file successfully
[11:28:07] - Loaded vtkUnstructuredGrid object from file
[11:28:09] - Read internal.vtu file successfully
[11:28:09] - Loaded vtkUnstructuredGrid object from file
[11:28:12] - Read internal.vtu file successfully
[11:28:12] - Loaded vtkUnstructuredGrid object from file
[11:28:14] - Read internal.vtu file successfully
[11:28:14] - Loaded vtkUnstructuredGrid object from file
[11:28:16] - Read internal.vtu file successfully
[11:28:16] - Loaded vtkUnstructuredGrid object from file
[11:28:18] - Read internal.vtu file successfully
[11:28:18] - Loaded vtkUnstructuredGrid object from file
[11:28:20] - Read internal.vtu file successfully
[11:28:20] - Loaded vtkUnstructuredGrid object from file
[11:28:22] - Read internal.vtu file successfully
[11:28:22] - Loaded vtkUnstructuredGrid object from file
[11:28:24] - Read internal.vtu file successfully
[11:28:24] - Loaded vtkUnstructuredGrid object from file
[11:28:26] - Read internal.vtu file successfully
[11:28:26] - Loaded vtkUnstructuredGrid object from file
[11:28:28] - Read internal.vtu file successfully
[11:28:28] - Loaded vtkUnstructuredGrid object from file
[11:28:30] - Read internal.vtu file successfully
[11:28:30] - Loaded vtkUnstructuredGrid object from file
[11:28:33] - Read internal.vtu file successfully
[11:28:33] - Loaded vtkUnstructuredGrid object from file
[11:28:35] - Read internal.vtu file successfully
[11:28:35] - Loaded vtkUnstructuredGrid object from file
[11:28:37] - Read internal.vtu file successfully
[11:28:37] - Loaded vtkUnstructuredGrid object from file
[11:28:39] - Read internal.vtu file successfully
[11:28:39] - Loaded vtkUnstructuredGrid object from file
[11:28:41] - Read internal.vtu file successfully
[11:28:41] - Loaded vtkUnstructuredGrid object from file
[11:28:44] - Read internal.vtu file successfully
[11:28:44] - Loaded vtkUnstructuredGrid object from file
[11:28:46] - Read internal.vtu file successfully
[11:28:46] - Loaded vtkUnstructuredGrid object from file
[11:28:48] - Read internal.vtu file successfully
[11:28:48] - Loaded vtkUnstructuredGrid object from file
[11:28:50] - Read internal.vtu file successfully
[11:28:50] - Loaded vtkUnstructuredGrid object from file
[11:28:52] - Read internal.vtu file successfully
[11:28:52] - Loaded vtkUnstructuredGrid object from file
[11:28:54] - Read internal.vtu file successfully
[11:28:54] - Loaded vtkUnstructuredGrid object from file
[11:28:57] - Read internal.vtu file successfully
[11:28:57] - Loaded vtkUnstructuredGrid object from file
[11:28:59] - Read internal.vtu file successfully
[11:28:59] - Loaded vtkUnstructuredGrid object from file
[11:29:01] - Read internal.vtu file successfully
[11:29:01] - Loaded vtkUnstructuredGrid object from file
[11:29:03] - Read internal.vtu file successfully
[11:29:03] - Loaded vtkUnstructuredGrid object from file
[11:29:05] - Read internal.vtu file successfully
[11:29:05] - Loaded vtkUnstructuredGrid object from file
[11:29:07] - Read internal.vtu file successfully
[11:29:07] - Loaded vtkUnstructuredGrid object from file
[11:29:10] - Read internal.vtu file successfully
[11:29:10] - Loaded vtkUnstructuredGrid object from file
[11:29:12] - Read internal.vtu file successfully
[11:29:12] - Loaded vtkUnstructuredGrid object from file
[11:29:14] - Read internal.vtu file successfully
[11:29:14] - Loaded vtkUnstructuredGrid object from file
[11:29:17] - Read internal.vtu file successfully
[11:29:17] - Loaded vtkUnstructuredGrid object from file
[11:29:19] - Read internal.vtu file successfully
[11:29:19] - Loaded vtkUnstructuredGrid object from file
[11:29:21] - Read internal.vtu file successfully
[11:29:21] - Loaded vtkUnstructuredGrid object from file
[11:29:23] - Read internal.vtu file successfully
[11:29:23] - Loaded vtkUnstructuredGrid object from file
[11:29:26] - Read internal.vtu file successfully
[11:29:26] - Loaded vtkUnstructuredGrid object from file
[11:29:28] - Read internal.vtu file successfully
[11:29:28] - Loaded vtkUnstructuredGrid object from file
[11:29:30] - Read internal.vtu file successfully
[11:29:30] - Loaded vtkUnstructuredGrid object from file
[11:29:33] - Read internal.vtu file successfully
[11:29:33] - Loaded vtkUnstructuredGrid object from file
[11:29:35] - Read internal.vtu file successfully
[11:29:35] - Loaded vtkUnstructuredGrid object from file
[11:29:38] - Read internal.vtu file successfully
[11:29:38] - Loaded vtkUnstructuredGrid object from file
[11:29:40] - Read internal.vtu file successfully
[11:29:40] - Loaded vtkUnstructuredGrid object from file
[11:29:43] - Read internal.vtu file successfully
[11:29:43] - Loaded vtkUnstructuredGrid object from file
[11:29:45] - Read internal.vtu file successfully
[11:29:45] - Loaded vtkUnstructuredGrid object from file
[11:29:48] - Read internal.vtu file successfully
[11:29:48] - Loaded vtkUnstructuredGrid object from file
[11:29:50] - Read internal.vtu file successfully
[11:29:50] - Loaded vtkUnstructuredGrid object from file
[11:29:53] - Read internal.vtu file successfully
[11:29:53] - Loaded vtkUnstructuredGrid object from file
[11:29:55] - Read internal.vtu file successfully
[11:29:55] - Loaded vtkUnstructuredGrid object from file
[11:29:58] - Read internal.vtu file successfully
[11:29:58] - Loaded vtkUnstructuredGrid object from file
[11:30:00] - Read internal.vtu file successfully
[11:30:00] - Loaded vtkUnstructuredGrid object from file
[11:30:03] - Read internal.vtu file successfully
[11:30:03] - Loaded vtkUnstructuredGrid object from file
[11:30:05] - Read internal.vtu file successfully
[11:30:05] - Loaded vtkUnstructuredGrid object from file
[11:30:08] - Read internal.vtu file successfully
[11:30:08] - Loaded vtkUnstructuredGrid object from file
[11:30:10] - Read internal.vtu file successfully
[11:30:10] - Loaded vtkUnstructuredGrid object from file
[11:30:13] - Read internal.vtu file successfully
[11:30:13] - Loaded vtkUnstructuredGrid object from file
[11:30:15] - Read internal.vtu file successfully
[11:30:15] - Loaded vtkUnstructuredGrid object from file
[11:30:18] - Read internal.vtu file successfully
[11:30:18] - Loaded vtkUnstructuredGrid object from file
[11:30:20] - Read internal.vtu file successfully
[11:30:20] - Loaded vtkUnstructuredGrid object from file
[11:30:22] - Read internal.vtu file successfully
[11:30:22] - Loaded vtkUnstructuredGrid object from file
[11:30:25] - Read internal.vtu file successfully
[11:30:25] - Loaded vtkUnstructuredGrid object from file
[11:30:28] - Read internal.vtu file successfully
[11:30:28] - Loaded vtkUnstructuredGrid object from file
[11:30:30] - Read internal.vtu file successfully
[11:30:30] - Loaded vtkUnstructuredGrid object from file
[11:30:33] - Read internal.vtu file successfully
[11:30:33] - Loaded vtkUnstructuredGrid object from file
[11:30:35] - Read internal.vtu file successfully
[11:30:35] - Loaded vtkUnstructuredGrid object from file
[11:30:38] - Read internal.vtu file successfully
[11:30:38] - Loaded vtkUnstructuredGrid object from file
[11:30:40] - Read internal.vtu file successfully
[11:30:40] - Loaded vtkUnstructuredGrid object from file
[11:30:43] - Read internal.vtu file successfully
[11:30:43] - Loaded vtkUnstructuredGrid object from file
[11:30:45] - Read internal.vtu file successfully
[11:30:45] - Loaded vtkUnstructuredGrid object from file
[11:30:48] - Read internal.vtu file successfully
[11:30:48] - Loaded vtkUnstructuredGrid object from file
[11:30:50] - Read internal.vtu file successfully
[11:30:50] - Loaded vtkUnstructuredGrid object from file
[11:30:53] - Read internal.vtu file successfully
[11:30:53] - Loaded vtkUnstructuredGrid object from file
[11:30:56] - Read internal.vtu file successfully
[11:30:56] - Loaded vtkUnstructuredGrid object from file
[11:30:58] - Read internal.vtu file successfully
[11:30:58] - Loaded vtkUnstructuredGrid object from file
[11:31:01] - Read internal.vtu file successfully
[11:31:01] - Loaded vtkUnstructuredGrid object from file
[11:31:03] - Read internal.vtu file successfully
[11:31:03] - Loaded vtkUnstructuredGrid object from file
[11:31:06] - Read internal.vtu file successfully
[11:31:06] - Loaded vtkUnstructuredGrid object from file
[11:31:09] - Read internal.vtu file successfully
[11:31:09] - Loaded vtkUnstructuredGrid object from file
[11:31:11] - Read internal.vtu file successfully
[11:31:11] - Loaded vtkUnstructuredGrid object from file
[11:31:14] - Read internal.vtu file successfully
[11:31:14] - Loaded vtkUnstructuredGrid object from file
[11:31:16] - Read internal.vtu file successfully
[11:31:16] - Loaded vtkUnstructuredGrid object from file
[11:31:19] - Read internal.vtu file successfully
[11:31:19] - Loaded vtkUnstructuredGrid object from file
[11:31:22] - Read internal.vtu file successfully
[11:31:22] - Loaded vtkUnstructuredGrid object from file
[11:31:25] - Read internal.vtu file successfully
[11:31:25] - Loaded vtkUnstructuredGrid object from file
[11:31:27] - Read internal.vtu file successfully
[11:31:27] - Loaded vtkUnstructuredGrid object from file
[11:31:30] - Read internal.vtu file successfully
[11:31:30] - Loaded vtkUnstructuredGrid object from file
[11:31:33] - Read internal.vtu file successfully
[11:31:33] - Loaded vtkUnstructuredGrid object from file
[11:31:35] - Read internal.vtu file successfully
[11:31:35] - Loaded vtkUnstructuredGrid object from file
[11:31:38] - Read internal.vtu file successfully
[11:31:38] - Loaded vtkUnstructuredGrid object from file
[11:31:41] - Read internal.vtu file successfully
[11:31:41] - Loaded vtkUnstructuredGrid object from file
[11:31:43] - Read internal.vtu file successfully
[11:31:43] - Loaded vtkUnstructuredGrid object from file
[11:31:46] - Read internal.vtu file successfully
[11:31:46] - Loaded vtkUnstructuredGrid object from file
[11:31:49] - Read internal.vtu file successfully
[11:31:49] - Loaded vtkUnstructuredGrid object from file
[11:31:52] - Read internal.vtu file successfully
[11:31:52] - Loaded vtkUnstructuredGrid object from file
[11:31:55] - Read internal.vtu file successfully
[11:31:55] - Loaded vtkUnstructuredGrid object from file
[11:31:57] - Read internal.vtu file successfully
[11:31:57] - Loaded vtkUnstructuredGrid object from file
[11:32:00] - Read internal.vtu file successfully
[11:32:00] - Loaded vtkUnstructuredGrid object from file
[11:32:03] - Read internal.vtu file successfully
[11:32:03] - Loaded vtkUnstructuredGrid object from file
[11:32:05] - Read internal.vtu file successfully
[11:32:05] - Loaded vtkUnstructuredGrid object from file
[11:32:08] - Read internal.vtu file successfully
[11:32:08] - Loaded vtkUnstructuredGrid object from file
[11:32:11] - Read internal.vtu file successfully
[11:32:11] - Loaded vtkUnstructuredGrid object from file
[11:32:14] - Read internal.vtu file successfully
[11:32:14] - Loaded vtkUnstructuredGrid object from file
[11:32:17] - Read internal.vtu file successfully
[11:32:17] - Loaded vtkUnstructuredGrid object from file
[11:32:18] - Read internal.vtu file successfully
[11:32:18] - Loaded vtkUnstructuredGrid object from file
[11:32:19] - Read internal.vtu file successfully
[11:32:19] - Loaded vtkUnstructuredGrid object from file
[11:32:20] - Read internal.vtu file successfully
[11:32:20] - Loaded vtkUnstructuredGrid object from file
[11:32:21] - Read internal.vtu file successfully
[11:32:21] - Loaded vtkUnstructuredGrid object from file
[11:32:23] - Read internal.vtu file successfully
[11:32:23] - Loaded vtkUnstructuredGrid object from file
[11:32:24] - Read internal.vtu file successfully
[11:32:24] - Loaded vtkUnstructuredGrid object from file
[11:32:25] - Read internal.vtu file successfully
[11:32:25] - Loaded vtkUnstructuredGrid object from file
[11:32:26] - Read internal.vtu file successfully
[11:32:26] - Loaded vtkUnstructuredGrid object from file
[11:32:28] - Read internal.vtu file successfully
[11:32:28] - Loaded vtkUnstructuredGrid object from file
[11:32:29] - Read internal.vtu file successfully
[11:32:29] - Loaded vtkUnstructuredGrid object from file
[11:32:30] - Read internal.vtu file successfully
[11:32:30] - Loaded vtkUnstructuredGrid object from file
[11:32:32] - Read internal.vtu file successfully
[11:32:32] - Loaded vtkUnstructuredGrid object from file
[11:32:33] - Read internal.vtu file successfully
[11:32:33] - Loaded vtkUnstructuredGrid object from file
[11:32:34] - Read internal.vtu file successfully
[11:32:34] - Loaded vtkUnstructuredGrid object from file
[11:32:35] - Read internal.vtu file successfully
[11:32:35] - Loaded vtkUnstructuredGrid object from file
[11:32:37] - Read internal.vtu file successfully
[11:32:37] - Loaded vtkUnstructuredGrid object from file
[11:32:38] - Read internal.vtu file successfully
[11:32:38] - Loaded vtkUnstructuredGrid object from file
[11:32:40] - Read internal.vtu file successfully
[11:32:40] - Loaded vtkUnstructuredGrid object from file
[11:32:41] - Read internal.vtu file successfully
[11:32:41] - Loaded vtkUnstructuredGrid object from file
[11:32:42] - Read internal.vtu file successfully
[11:32:42] - Loaded vtkUnstructuredGrid object from file
[11:32:44] - Read internal.vtu file successfully
[11:32:44] - Loaded vtkUnstructuredGrid object from file
[11:32:45] - Read internal.vtu file successfully
[11:32:45] - Loaded vtkUnstructuredGrid object from file
[11:32:46] - Read internal.vtu file successfully
[11:32:46] - Loaded vtkUnstructuredGrid object from file
[11:32:48] - Read internal.vtu file successfully
[11:32:48] - Loaded vtkUnstructuredGrid object from file
(19925082, 1) (2224318, 1)
[11:32:58] - Installed PyTorch version 2.0.1+cu117 is not TorchScript supported in Modulus. Version 1.14.0a0+410ce96 is officially supported.
[11:32:58] - attempting to restore from: /scratch/users/domyam/modulus/outputs/morph-wing_multi
[11:32:58] - optimizer checkpoint not found
[11:32:58] - attempting to initialize network from /scratch/users/domyam/modulus/outputs/morph-wing_multi
[11:32:58] - model deepo_nu.0.pth not found for initialization
[11:32:58] - model deepo_p.0.pth not found for initialization
[11:32:58] - model deepo_uvw.0.pth not found for initialization
[11:32:58] - model deepo_nu.0.pth not found
[11:32:58] - model deepo_p.0.pth not found
[11:32:58] - model deepo_uvw.0.pth not found
[11:33:21] - [step:          0] record constraint batch time:  1.014e+00s
[11:36:43] - [step:          0] record validators time:  2.011e+02s
[11:36:43] - [step:          0] saved checkpoint to /scratch/users/domyam/modulus/outputs/morph-wing_multi
[11:36:43] - [step:          0] loss:  3.002e+03
[11:36:49] - Attempting cuda graph building, this may take a bit...
[11:37:01] - [step:        100] loss:  3.339e+02, time/iteration:  1.824e+02 ms
[11:37:14] - [step:        200] loss:  3.161e+02, time/iteration:  1.269e+02 ms
[11:37:26] - [step:        300] loss:  3.113e+02, time/iteration:  1.245e+02 ms
[11:37:39] - [step:        400] loss:  3.047e+02, time/iteration:  1.250e+02 ms
[11:37:51] - [step:        500] loss:  3.010e+02, time/iteration:  1.279e+02 ms
[11:38:04] - [step:        600] loss:  3.057e+02, time/iteration:  1.279e+02 ms
[11:38:17] - [step:        700] loss:  2.965e+02, time/iteration:  1.254e+02 ms
[11:38:29] - [step:        800] loss:  2.816e+02, time/iteration:  1.252e+02 ms
[11:38:42] - [step:        900] loss:  2.960e+02, time/iteration:  1.276e+02 ms
[11:38:56] - [step:       1000] record constraint batch time:  6.263e-01s
[11:38:56] - [step:       1000] saved checkpoint to /scratch/users/domyam/modulus/outputs/morph-wing_multi
[11:38:56] - [step:       1000] loss:  2.931e+02, time/iteration:  1.365e+02 ms
[11:39:08] - [step:       1100] loss:  2.935e+02, time/iteration:  1.251e+02 ms
[11:39:21] - [step:       1200] loss:  3.109e+02, time/iteration:  1.273e+02 ms
[11:39:34] - [step:       1300] loss:  2.800e+02, time/iteration:  1.281e+02 ms
[11:39:47] - [step:       1400] loss:  2.829e+02, time/iteration:  1.278e+02 ms
[11:39:59] - [step:       1500] loss:  2.925e+02, time/iteration:  1.249e+02 ms
[11:40:12] - [step:       1600] loss:  2.851e+02, time/iteration:  1.258e+02 ms
[11:40:25] - [step:       1700] loss:  2.781e+02, time/iteration:  1.291e+02 ms
[11:40:37] - [step:       1800] loss:  2.801e+02, time/iteration:  1.267e+02 ms
[11:40:50] - [step:       1900] loss:  2.829e+02, time/iteration:  1.258e+02 ms
[11:41:03] - [step:       2000] record constraint batch time:  4.001e-01s
[11:41:03] - [step:       2000] saved checkpoint to /scratch/users/domyam/modulus/outputs/morph-wing_multi
[11:41:03] - [step:       2000] loss:  3.093e+02, time/iteration:  1.319e+02 ms
[11:41:16] - [step:       2100] loss:  2.776e+02, time/iteration:  1.298e+02 ms
[11:41:29] - [step:       2200] loss:  2.719e+02, time/iteration:  1.257e+02 ms
[11:41:41] - [step:       2300] loss:  2.754e+02, time/iteration:  1.250e+02 ms
[11:41:54] - [step:       2400] loss:  2.660e+02, time/iteration:  1.287e+02 ms
[11:42:07] - [step:       2500] loss:  2.737e+02, time/iteration:  1.285e+02 ms
[11:42:19] - [step:       2600] loss:  2.671e+02, time/iteration:  1.258e+02 ms
[11:42:32] - [step:       2700] loss:  2.695e+02, time/iteration:  1.255e+02 ms
[11:42:45] - [step:       2800] loss:  2.765e+02, time/iteration:  1.300e+02 ms
[11:43:12] - [step:       2900] loss:  2.740e+02, time/iteration:  2.691e+02 ms
[11:43:25] - [step:       3000] record constraint batch time:  4.347e-01s
[11:43:25] - [step:       3000] saved checkpoint to /scratch/users/domyam/modulus/outputs/morph-wing_multi
[11:43:25] - [step:       3000] loss:  2.783e+02, time/iteration:  1.337e+02 ms
[11:43:38] - [step:       3100] loss:  2.837e+02, time/iteration:  1.281e+02 ms
[11:43:51] - [step:       3200] loss:  2.507e+02, time/iteration:  1.280e+02 ms
[11:44:03] - [step:       3300] loss:  2.721e+02, time/iteration:  1.248e+02 ms
[11:44:16] - [step:       3400] loss:  2.558e+02, time/iteration:  1.271e+02 ms
[11:44:29] - [step:       3500] loss:  2.845e+02, time/iteration:  1.285e+02 ms
[11:44:42] - [step:       3600] loss:  2.771e+02, time/iteration:  1.274e+02 ms
[11:44:54] - [step:       3700] loss:  2.763e+02, time/iteration:  1.260e+02 ms
[11:45:07] - [step:       3800] loss:  2.654e+02, time/iteration:  1.257e+02 ms
[11:45:20] - [step:       3900] loss:  2.846e+02, time/iteration:  1.295e+02 ms
[11:45:33] - [step:       4000] record constraint batch time:  6.154e-01s
[11:45:33] - [step:       4000] saved checkpoint to /scratch/users/domyam/modulus/outputs/morph-wing_multi
[11:45:33] - [step:       4000] loss:  2.673e+02, time/iteration:  1.345e+02 ms
[11:45:46] - [step:       4100] loss:  2.570e+02, time/iteration:  1.253e+02 ms
[11:45:58] - [step:       4200] loss:  2.725e+02, time/iteration:  1.262e+02 ms
[11:46:11] - [step:       4300] loss:  2.734e+02, time/iteration:  1.283e+02 ms
[11:46:24] - [step:       4400] loss:  2.695e+02, time/iteration:  1.260e+02 ms
[11:46:36] - [step:       4500] loss:  2.552e+02, time/iteration:  1.250e+02 ms
[11:46:49] - [step:       4600] loss:  2.561e+02, time/iteration:  1.289e+02 ms
[11:47:02] - [step:       4700] loss:  2.678e+02, time/iteration:  1.279e+02 ms
[11:47:15] - [step:       4800] loss:  2.644e+02, time/iteration:  1.260e+02 ms
[11:47:27] - [step:       4900] loss:  2.632e+02, time/iteration:  1.257e+02 ms
[11:47:41] - [step:       5000] record constraint batch time:  1.489e+00s
